<?xml version="1.0" encoding="UTF-8"?>
<!-- Generated by org.testng.reporters.JUnitReportReporter -->
<testsuite hostname="nblap247" name="com.unimoni.testng.First" tests="2" failures="0" timestamp="23 Jan 2020 10:59:24 GMT" time="0.007" errors="0">
  <testcase name="two" time="0.002" classname="com.unimoni.testng.First"/>
  <testcase name="first" time="0.005" classname="com.unimoni.testng.First"/>
</testsuite> <!-- com.unimoni.testng.First -->
