<?xml version="1.0" encoding="UTF-8"?>
<!-- Generated by org.testng.reporters.JUnitReportReporter -->
<testsuite hostname="nblap247" name="com.unimoni.testng.Two" tests="2" failures="0" timestamp="23 Jan 2020 10:59:24 GMT" time="0.003" errors="0">
  <testcase name="first" time="0.001" classname="com.unimoni.testng.Two"/>
  <testcase name="two" time="0.002" classname="com.unimoni.testng.Two"/>
</testsuite> <!-- com.unimoni.testng.Two -->
