<?xml version="1.0" encoding="UTF-8"?>
<!-- Generated by org.testng.reporters.JUnitReportReporter -->
<testsuite skipped="0" hostname="nblap247" name="com.unimoni.testng.Groups" tests="2" failures="0" timestamp="2020-01-24T15:33:27 IST" time="0.011" errors="0">
  <testcase name="dispatch" time="0.006" classname="com.unimoni.testng.Groups"/>
  <system-out/>
  <testcase name="checkout" time="0.005" classname="com.unimoni.testng.Groups"/>
  <system-out/>
</testsuite> <!-- com.unimoni.testng.Groups -->
