<?xml version="1.0" encoding="UTF-8"?>
<!-- Generated by org.testng.reporters.JUnitReportReporter -->
<testsuite skipped="0" hostname="nblap247" name="com.unimoni.testng.DataProviderEx" tests="2" failures="0" timestamp="2020-01-24T16:30:16 IST" time="23.926" errors="0">
  <testcase name="positive" time="12.443" classname="com.unimoni.testng.DataProviderEx"/>
  <system-out/>
  <testcase name="positive" time="11.483" classname="com.unimoni.testng.DataProviderEx"/>
  <system-out/>
</testsuite> <!-- com.unimoni.testng.DataProviderEx -->
