<?xml version="1.0" encoding="UTF-8"?>
<!-- Generated by org.testng.reporters.JUnitReportReporter -->
<testsuite skipped="0" hostname="nblap247" name="com.unimoni.testng.ParallelEx" tests="2" failures="0" timestamp="2020-01-24T18:28:19 IST" time="14.541" errors="0">
  <testcase name="googleSearch_one" time="8.932" classname="com.unimoni.testng.ParallelEx"/>
  <system-out/>
  <testcase name="googleSearch_one" time="5.609" classname="com.unimoni.testng.ParallelEx"/>
  <system-out/>
</testsuite> <!-- com.unimoni.testng.ParallelEx -->
