<?xml version="1.0" encoding="UTF-8"?>
<!-- Generated by org.testng.reporters.JUnitReportReporter -->
<testsuite hostname="nblap247" name="com.unimoni.testng.Priorities" tests="3" failures="0" timestamp="23 Jan 2020 13:21:56 GMT" time="0.009" errors="0">
  <testcase name="dispatch" time="0.008" classname="com.unimoni.testng.Priorities"/>
  <testcase name="checkout" time="0.000" classname="com.unimoni.testng.Priorities"/>
  <testcase name="login" time="0.001" classname="com.unimoni.testng.Priorities"/>
</testsuite> <!-- com.unimoni.testng.Priorities -->
