<?xml version="1.0" encoding="UTF-8"?>
<!-- Generated by org.testng.reporters.JUnitReportReporter -->
<testsuite hostname="nblap247" name="com.unimoni.testng.InvocationCount" tests="5" failures="0" timestamp="23 Jan 2020 12:46:24 GMT" time="0.013" errors="0">
  <testcase name="test" time="0.001" classname="com.unimoni.testng.InvocationCount"/>
  <testcase name="test" time="0.008" classname="com.unimoni.testng.InvocationCount"/>
  <testcase name="test" time="0.001" classname="com.unimoni.testng.InvocationCount"/>
  <testcase name="test" time="0.001" classname="com.unimoni.testng.InvocationCount"/>
  <testcase name="test" time="0.002" classname="com.unimoni.testng.InvocationCount"/>
</testsuite> <!-- com.unimoni.testng.InvocationCount -->
