<?xml version="1.0" encoding="UTF-8"?>
<!-- Generated by org.testng.reporters.JUnitReportReporter -->
<testsuite skipped="0" hostname="nblap247" name="com.unimoni.testng.SeleniumFirst" tests="2" failures="0" timestamp="2020-01-24T17:06:47 IST" time="26.287" errors="0">
  <testcase name="positive" time="13.016" classname="com.unimoni.testng.SeleniumFirst"/>
  <system-out/>
  <testcase name="negative" time="13.271" classname="com.unimoni.testng.SeleniumFirst"/>
  <system-out/>
</testsuite> <!-- com.unimoni.testng.SeleniumFirst -->
